<?xml version="1.0" encoding="UTF-8"?>
<testsuite name="MainTest" tests="10" skipped="0" failures="0" errors="0" timestamp="2024-03-10T11:56:15" hostname="DESKTOP-A97GDF4" time="0.022">
  <properties/>
  <testcase name="testGpt1" classname="MainTest" time="0.014"/>
  <testcase name="testGpt2" classname="MainTest" time="0.001"/>
  <testcase name="testGpt3" classname="MainTest" time="0.001"/>
  <testcase name="testGpt4" classname="MainTest" time="0.001"/>
  <testcase name="testGpt5" classname="MainTest" time="0.001"/>
  <testcase name="testGpt6" classname="MainTest" time="0.001"/>
  <testcase name="testGpt7" classname="MainTest" time="0.0"/>
  <testcase name="testFromProblem1" classname="MainTest" time="0.001"/>
  <testcase name="testFromProblem2" classname="MainTest" time="0.0"/>
  <testcase name="testFromProblem3" classname="MainTest" time="0.0"/>
  <system-out><![CDATA[]]></system-out>
  <system-err><![CDATA[]]></system-err>
</testsuite>
