<?xml version="1.0" encoding="UTF-8"?>
<testsuite name="MainTest" tests="8" skipped="0" failures="0" errors="0" timestamp="2024-03-15T15:44:41" hostname="DESKTOP-A97GDF4" time="0.017">
  <properties/>
  <testcase name="testInputSmallPrimeNumber" classname="MainTest" time="0.012"/>
  <testcase name="testInputSmallNonPrimeNumber" classname="MainTest" time="0.001"/>
  <testcase name="testInputLargeNumber" classname="MainTest" time="0.001"/>
  <testcase name="testInputVeryLargeNumber" classname="MainTest" time="0.0"/>
  <testcase name="testInputOne" classname="MainTest" time="0.001"/>
  <testcase name="testNegativeInput" classname="MainTest" time="0.0"/>
  <testcase name="testFromProblem1" classname="MainTest" time="0.0"/>
  <testcase name="testFromProblem2" classname="MainTest" time="0.001"/>
  <system-out><![CDATA[]]></system-out>
  <system-err><![CDATA[]]></system-err>
</testsuite>
