<?xml version="1.0" encoding="UTF-8"?>
<testsuite name="MainTest" tests="4" skipped="0" failures="0" errors="0" timestamp="2024-03-15T17:02:33" hostname="DESKTOP-A97GDF4" time="0.021">
  <properties/>
  <testcase name="test1" classname="MainTest" time="0.015"/>
  <testcase name="test2" classname="MainTest" time="0.002"/>
  <testcase name="testFromProblem1" classname="MainTest" time="0.002"/>
  <testcase name="testFromProblem2" classname="MainTest" time="0.001"/>
  <system-out><![CDATA[]]></system-out>
  <system-err><![CDATA[]]></system-err>
</testsuite>
