<?xml version="1.0" encoding="UTF-8"?>
<testsuite name="MainTest" tests="6" skipped="0" failures="0" errors="0" timestamp="2024-03-14T15:47:34" hostname="DESKTOP-A97GDF4" time="0.023">
  <properties/>
  <testcase name="testFromProblem" classname="MainTest" time="0.016"/>
  <testcase name="test1" classname="MainTest" time="0.001"/>
  <testcase name="test2" classname="MainTest" time="0.001"/>
  <testcase name="test3" classname="MainTest" time="0.001"/>
  <testcase name="test4" classname="MainTest" time="0.001"/>
  <testcase name="test5" classname="MainTest" time="0.002"/>
  <system-out><![CDATA[]]></system-out>
  <system-err><![CDATA[]]></system-err>
</testsuite>
